The system is: Linux - 2.6.32-696.30.1.el6.x86_64 - x86_64
Compiling the C compiler identification source file "CMakeCCompilerId.c" succeeded.
Compiler: /cvmfs/sft-nightlies.cern.ch/lcg/contrib/gcc/7binutils/x86_64-slc6/bin/gcc 
Build flags: 
Id flags:  

The output was:
0


Compilation of the C compiler identification source "CMakeCCompilerId.c" produced "a.out"

The C compiler identification is GNU, found in "/data/atlas/atlasdata/micheli/validation/histos/histo_all/fmt-5.1.0/build/CMakeFiles/3.11.1/CompilerIdC/a.out"

Compiling the CXX compiler identification source file "CMakeCXXCompilerId.cpp" succeeded.
Compiler: /cvmfs/sft-nightlies.cern.ch/lcg/contrib/gcc/7binutils/x86_64-slc6/bin/g++ 
Build flags: 
Id flags:  

The output was:
0


Compilation of the CXX compiler identification source "CMakeCXXCompilerId.cpp" produced "a.out"

The CXX compiler identification is GNU, found in "/data/atlas/atlasdata/micheli/validation/histos/histo_all/fmt-5.1.0/build/CMakeFiles/3.11.1/CompilerIdCXX/a.out"

Determining if the C compiler works passed with the following output:
Change Dir: /data/atlas/atlasdata/micheli/validation/histos/histo_all/fmt-5.1.0/build/CMakeFiles/CMakeTmp

Run Build Command:"/usr/bin/gmake" "cmTC_8d415/fast"
/usr/bin/gmake -f CMakeFiles/cmTC_8d415.dir/build.make CMakeFiles/cmTC_8d415.dir/build
gmake[1]: Entering directory `/data/atlas/atlasdata/micheli/validation/histos/histo_all/fmt-5.1.0/build/CMakeFiles/CMakeTmp'
Building C object CMakeFiles/cmTC_8d415.dir/testCCompiler.c.o
/cvmfs/sft-nightlies.cern.ch/lcg/contrib/gcc/7binutils/x86_64-slc6/bin/gcc    -o CMakeFiles/cmTC_8d415.dir/testCCompiler.c.o   -c /data/atlas/atlasdata/micheli/validation/histos/histo_all/fmt-5.1.0/build/CMakeFiles/CMakeTmp/testCCompiler.c
Linking C executable cmTC_8d415
/cvmfs/sft.cern.ch/lcg/releases/CMake/3.11.1-daf3a/x86_64-slc6-gcc7-opt/bin/cmake -E cmake_link_script CMakeFiles/cmTC_8d415.dir/link.txt --verbose=1
/cvmfs/sft-nightlies.cern.ch/lcg/contrib/gcc/7binutils/x86_64-slc6/bin/gcc      -rdynamic CMakeFiles/cmTC_8d415.dir/testCCompiler.c.o  -o cmTC_8d415 
gmake[1]: Leaving directory `/data/atlas/atlasdata/micheli/validation/histos/histo_all/fmt-5.1.0/build/CMakeFiles/CMakeTmp'


Detecting C compiler ABI info compiled with the following output:
Change Dir: /data/atlas/atlasdata/micheli/validation/histos/histo_all/fmt-5.1.0/build/CMakeFiles/CMakeTmp

Run Build Command:"/usr/bin/gmake" "cmTC_c1e93/fast"
/usr/bin/gmake -f CMakeFiles/cmTC_c1e93.dir/build.make CMakeFiles/cmTC_c1e93.dir/build
gmake[1]: Entering directory `/data/atlas/atlasdata/micheli/validation/histos/histo_all/fmt-5.1.0/build/CMakeFiles/CMakeTmp'
Building C object CMakeFiles/cmTC_c1e93.dir/CMakeCCompilerABI.c.o
/cvmfs/sft-nightlies.cern.ch/lcg/contrib/gcc/7binutils/x86_64-slc6/bin/gcc    -o CMakeFiles/cmTC_c1e93.dir/CMakeCCompilerABI.c.o   -c /cvmfs/sft.cern.ch/lcg/releases/CMake/3.11.1-daf3a/x86_64-slc6-gcc7-opt/share/cmake-3.11/Modules/CMakeCCompilerABI.c
Linking C executable cmTC_c1e93
/cvmfs/sft.cern.ch/lcg/releases/CMake/3.11.1-daf3a/x86_64-slc6-gcc7-opt/bin/cmake -E cmake_link_script CMakeFiles/cmTC_c1e93.dir/link.txt --verbose=1
/cvmfs/sft-nightlies.cern.ch/lcg/contrib/gcc/7binutils/x86_64-slc6/bin/gcc     -v -rdynamic CMakeFiles/cmTC_c1e93.dir/CMakeCCompilerABI.c.o  -o cmTC_c1e93 
Using built-in specs.
COLLECT_GCC=/cvmfs/sft-nightlies.cern.ch/lcg/contrib/gcc/7binutils/x86_64-slc6/bin/gcc
COLLECT_LTO_WRAPPER=/cvmfs/sft.cern.ch/lcg/contrib/gcc/7.3.0binutils/x86_64-slc6/bin/../libexec/gcc/x86_64-pc-linux-gnu/7.3.0/lto-wrapper
Target: x86_64-pc-linux-gnu
Configured with: ../gcc-7.3.0/configure --prefix=/build/pmendez-sftnight/install-gcc730binutils --with-ld=/cvmfs/sft.cern.ch/lcg/contrib/bintuils/2.28/x86_64-slc6/bin/ld -with-gnu-as --with-gold=/cvmfs/sft.cern.ch/lcg/contrib/bintuils/2.28/x86_64-slc6/bin/ld.gold --with-as=/cvmfs/sft.cern.ch/lcg/contrib/bintuils/2.28/x86_64-slc6/bin/as --enable-gold--enable-ld
Thread model: posix
gcc version 7.3.0 (GCC) 
COMPILER_PATH=/cvmfs/sft.cern.ch/lcg/contrib/gcc/7.3.0binutils/x86_64-slc6/bin/../libexec/gcc/x86_64-pc-linux-gnu/7.3.0/:/cvmfs/sft.cern.ch/lcg/contrib/gcc/7.3.0binutils/x86_64-slc6/bin/../libexec/gcc/
LIBRARY_PATH=/cvmfs/sft.cern.ch/lcg/contrib/gcc/7.3.0binutils/x86_64-slc6/bin/../lib/gcc/x86_64-pc-linux-gnu/7.3.0/:/cvmfs/sft.cern.ch/lcg/contrib/gcc/7.3.0binutils/x86_64-slc6/bin/../lib/gcc/:/cvmfs/sft.cern.ch/lcg/contrib/gcc/7.3.0binutils/x86_64-slc6/bin/../lib/gcc/x86_64-pc-linux-gnu/7.3.0/../../../../lib64/:/lib/../lib64/:/usr/lib/../lib64/:/cvmfs/sft.cern.ch/lcg/contrib/gcc/7.3.0binutils/x86_64-slc6/bin/../lib/gcc/x86_64-pc-linux-gnu/7.3.0/../../../:/lib/:/usr/lib/
COLLECT_GCC_OPTIONS='-v' '-rdynamic' '-o' 'cmTC_c1e93' '-mtune=generic' '-march=x86-64'
 /cvmfs/sft.cern.ch/lcg/contrib/gcc/7.3.0binutils/x86_64-slc6/bin/../libexec/gcc/x86_64-pc-linux-gnu/7.3.0/collect2 -plugin /cvmfs/sft.cern.ch/lcg/contrib/gcc/7.3.0binutils/x86_64-slc6/bin/../libexec/gcc/x86_64-pc-linux-gnu/7.3.0/liblto_plugin.so -plugin-opt=/cvmfs/sft.cern.ch/lcg/contrib/gcc/7.3.0binutils/x86_64-slc6/bin/../libexec/gcc/x86_64-pc-linux-gnu/7.3.0/lto-wrapper -plugin-opt=-fresolution=/tmp/cchO1B0W.res -plugin-opt=-pass-through=-lgcc -plugin-opt=-pass-through=-lgcc_s -plugin-opt=-pass-through=-lc -plugin-opt=-pass-through=-lgcc -plugin-opt=-pass-through=-lgcc_s --eh-frame-hdr -m elf_x86_64 -export-dynamic -dynamic-linker /lib64/ld-linux-x86-64.so.2 -o cmTC_c1e93 /usr/lib/../lib64/crt1.o /usr/lib/../lib64/crti.o /cvmfs/sft.cern.ch/lcg/contrib/gcc/7.3.0binutils/x86_64-slc6/bin/../lib/gcc/x86_64-pc-linux-gnu/7.3.0/crtbegin.o -L/cvmfs/sft.cern.ch/lcg/contrib/gcc/7.3.0binutils/x86_64-slc6/bin/../lib/gcc/x86_64-pc-linux-gnu/7.3.0 -L/cvmfs/sft.cern.ch/lcg/contrib/gcc/7.3.0binutils/x86_64-slc6/bin/../lib/gcc -L/cvmfs/sft.cern.ch/lcg/contrib/gcc/7.3.0binutils/x86_64-slc6/bin/../lib/gcc/x86_64-pc-linux-gnu/7.3.0/../../../../lib64 -L/lib/../lib64 -L/usr/lib/../lib64 -L/cvmfs/sft.cern.ch/lcg/contrib/gcc/7.3.0binutils/x86_64-slc6/bin/../lib/gcc/x86_64-pc-linux-gnu/7.3.0/../../.. CMakeFiles/cmTC_c1e93.dir/CMakeCCompilerABI.c.o -lgcc --as-needed -lgcc_s --no-as-needed -lc -lgcc --as-needed -lgcc_s --no-as-needed /cvmfs/sft.cern.ch/lcg/contrib/gcc/7.3.0binutils/x86_64-slc6/bin/../lib/gcc/x86_64-pc-linux-gnu/7.3.0/crtend.o /usr/lib/../lib64/crtn.o
COLLECT_GCC_OPTIONS='-v' '-rdynamic' '-o' 'cmTC_c1e93' '-mtune=generic' '-march=x86-64'
gmake[1]: Leaving directory `/data/atlas/atlasdata/micheli/validation/histos/histo_all/fmt-5.1.0/build/CMakeFiles/CMakeTmp'


Parsed C implicit link information from above output:
  link line regex: [^( *|.*[/\])(ld|CMAKE_LINK_STARTFILE-NOTFOUND|([^/\]+-)?ld|collect2)[^/\]*( |$)]
  ignore line: [Change Dir: /data/atlas/atlasdata/micheli/validation/histos/histo_all/fmt-5.1.0/build/CMakeFiles/CMakeTmp]
  ignore line: []
  ignore line: [Run Build Command:"/usr/bin/gmake" "cmTC_c1e93/fast"]
  ignore line: [/usr/bin/gmake -f CMakeFiles/cmTC_c1e93.dir/build.make CMakeFiles/cmTC_c1e93.dir/build]
  ignore line: [gmake[1]: Entering directory `/data/atlas/atlasdata/micheli/validation/histos/histo_all/fmt-5.1.0/build/CMakeFiles/CMakeTmp']
  ignore line: [Building C object CMakeFiles/cmTC_c1e93.dir/CMakeCCompilerABI.c.o]
  ignore line: [/cvmfs/sft-nightlies.cern.ch/lcg/contrib/gcc/7binutils/x86_64-slc6/bin/gcc    -o CMakeFiles/cmTC_c1e93.dir/CMakeCCompilerABI.c.o   -c /cvmfs/sft.cern.ch/lcg/releases/CMake/3.11.1-daf3a/x86_64-slc6-gcc7-opt/share/cmake-3.11/Modules/CMakeCCompilerABI.c]
  ignore line: [Linking C executable cmTC_c1e93]
  ignore line: [/cvmfs/sft.cern.ch/lcg/releases/CMake/3.11.1-daf3a/x86_64-slc6-gcc7-opt/bin/cmake -E cmake_link_script CMakeFiles/cmTC_c1e93.dir/link.txt --verbose=1]
  ignore line: [/cvmfs/sft-nightlies.cern.ch/lcg/contrib/gcc/7binutils/x86_64-slc6/bin/gcc     -v -rdynamic CMakeFiles/cmTC_c1e93.dir/CMakeCCompilerABI.c.o  -o cmTC_c1e93 ]
  ignore line: [Using built-in specs.]
  ignore line: [COLLECT_GCC=/cvmfs/sft-nightlies.cern.ch/lcg/contrib/gcc/7binutils/x86_64-slc6/bin/gcc]
  ignore line: [COLLECT_LTO_WRAPPER=/cvmfs/sft.cern.ch/lcg/contrib/gcc/7.3.0binutils/x86_64-slc6/bin/../libexec/gcc/x86_64-pc-linux-gnu/7.3.0/lto-wrapper]
  ignore line: [Target: x86_64-pc-linux-gnu]
  ignore line: [Configured with: ../gcc-7.3.0/configure --prefix=/build/pmendez-sftnight/install-gcc730binutils --with-ld=/cvmfs/sft.cern.ch/lcg/contrib/bintuils/2.28/x86_64-slc6/bin/ld -with-gnu-as --with-gold=/cvmfs/sft.cern.ch/lcg/contrib/bintuils/2.28/x86_64-slc6/bin/ld.gold --with-as=/cvmfs/sft.cern.ch/lcg/contrib/bintuils/2.28/x86_64-slc6/bin/as --enable-gold--enable-ld]
  ignore line: [Thread model: posix]
  ignore line: [gcc version 7.3.0 (GCC) ]
  ignore line: [COMPILER_PATH=/cvmfs/sft.cern.ch/lcg/contrib/gcc/7.3.0binutils/x86_64-slc6/bin/../libexec/gcc/x86_64-pc-linux-gnu/7.3.0/:/cvmfs/sft.cern.ch/lcg/contrib/gcc/7.3.0binutils/x86_64-slc6/bin/../libexec/gcc/]
  ignore line: [LIBRARY_PATH=/cvmfs/sft.cern.ch/lcg/contrib/gcc/7.3.0binutils/x86_64-slc6/bin/../lib/gcc/x86_64-pc-linux-gnu/7.3.0/:/cvmfs/sft.cern.ch/lcg/contrib/gcc/7.3.0binutils/x86_64-slc6/bin/../lib/gcc/:/cvmfs/sft.cern.ch/lcg/contrib/gcc/7.3.0binutils/x86_64-slc6/bin/../lib/gcc/x86_64-pc-linux-gnu/7.3.0/../../../../lib64/:/lib/../lib64/:/usr/lib/../lib64/:/cvmfs/sft.cern.ch/lcg/contrib/gcc/7.3.0binutils/x86_64-slc6/bin/../lib/gcc/x86_64-pc-linux-gnu/7.3.0/../../../:/lib/:/usr/lib/]
  ignore line: [COLLECT_GCC_OPTIONS='-v' '-rdynamic' '-o' 'cmTC_c1e93' '-mtune=generic' '-march=x86-64']
  link line: [ /cvmfs/sft.cern.ch/lcg/contrib/gcc/7.3.0binutils/x86_64-slc6/bin/../libexec/gcc/x86_64-pc-linux-gnu/7.3.0/collect2 -plugin /cvmfs/sft.cern.ch/lcg/contrib/gcc/7.3.0binutils/x86_64-slc6/bin/../libexec/gcc/x86_64-pc-linux-gnu/7.3.0/liblto_plugin.so -plugin-opt=/cvmfs/sft.cern.ch/lcg/contrib/gcc/7.3.0binutils/x86_64-slc6/bin/../libexec/gcc/x86_64-pc-linux-gnu/7.3.0/lto-wrapper -plugin-opt=-fresolution=/tmp/cchO1B0W.res -plugin-opt=-pass-through=-lgcc -plugin-opt=-pass-through=-lgcc_s -plugin-opt=-pass-through=-lc -plugin-opt=-pass-through=-lgcc -plugin-opt=-pass-through=-lgcc_s --eh-frame-hdr -m elf_x86_64 -export-dynamic -dynamic-linker /lib64/ld-linux-x86-64.so.2 -o cmTC_c1e93 /usr/lib/../lib64/crt1.o /usr/lib/../lib64/crti.o /cvmfs/sft.cern.ch/lcg/contrib/gcc/7.3.0binutils/x86_64-slc6/bin/../lib/gcc/x86_64-pc-linux-gnu/7.3.0/crtbegin.o -L/cvmfs/sft.cern.ch/lcg/contrib/gcc/7.3.0binutils/x86_64-slc6/bin/../lib/gcc/x86_64-pc-linux-gnu/7.3.0 -L/cvmfs/sft.cern.ch/lcg/contrib/gcc/7.3.0binutils/x86_64-slc6/bin/../lib/gcc -L/cvmfs/sft.cern.ch/lcg/contrib/gcc/7.3.0binutils/x86_64-slc6/bin/../lib/gcc/x86_64-pc-linux-gnu/7.3.0/../../../../lib64 -L/lib/../lib64 -L/usr/lib/../lib64 -L/cvmfs/sft.cern.ch/lcg/contrib/gcc/7.3.0binutils/x86_64-slc6/bin/../lib/gcc/x86_64-pc-linux-gnu/7.3.0/../../.. CMakeFiles/cmTC_c1e93.dir/CMakeCCompilerABI.c.o -lgcc --as-needed -lgcc_s --no-as-needed -lc -lgcc --as-needed -lgcc_s --no-as-needed /cvmfs/sft.cern.ch/lcg/contrib/gcc/7.3.0binutils/x86_64-slc6/bin/../lib/gcc/x86_64-pc-linux-gnu/7.3.0/crtend.o /usr/lib/../lib64/crtn.o]
    arg [/cvmfs/sft.cern.ch/lcg/contrib/gcc/7.3.0binutils/x86_64-slc6/bin/../libexec/gcc/x86_64-pc-linux-gnu/7.3.0/collect2] ==> ignore
    arg [-plugin] ==> ignore
    arg [/cvmfs/sft.cern.ch/lcg/contrib/gcc/7.3.0binutils/x86_64-slc6/bin/../libexec/gcc/x86_64-pc-linux-gnu/7.3.0/liblto_plugin.so] ==> ignore
    arg [-plugin-opt=/cvmfs/sft.cern.ch/lcg/contrib/gcc/7.3.0binutils/x86_64-slc6/bin/../libexec/gcc/x86_64-pc-linux-gnu/7.3.0/lto-wrapper] ==> ignore
    arg [-plugin-opt=-fresolution=/tmp/cchO1B0W.res] ==> ignore
    arg [-plugin-opt=-pass-through=-lgcc] ==> ignore
    arg [-plugin-opt=-pass-through=-lgcc_s] ==> ignore
    arg [-plugin-opt=-pass-through=-lc] ==> ignore
    arg [-plugin-opt=-pass-through=-lgcc] ==> ignore
    arg [-plugin-opt=-pass-through=-lgcc_s] ==> ignore
    arg [--eh-frame-hdr] ==> ignore
    arg [-m] ==> ignore
    arg [elf_x86_64] ==> ignore
    arg [-export-dynamic] ==> ignore
    arg [-dynamic-linker] ==> ignore
    arg [/lib64/ld-linux-x86-64.so.2] ==> ignore
    arg [-o] ==> ignore
    arg [cmTC_c1e93] ==> ignore
    arg [/usr/lib/../lib64/crt1.o] ==> ignore
    arg [/usr/lib/../lib64/crti.o] ==> ignore
    arg [/cvmfs/sft.cern.ch/lcg/contrib/gcc/7.3.0binutils/x86_64-slc6/bin/../lib/gcc/x86_64-pc-linux-gnu/7.3.0/crtbegin.o] ==> ignore
    arg [-L/cvmfs/sft.cern.ch/lcg/contrib/gcc/7.3.0binutils/x86_64-slc6/bin/../lib/gcc/x86_64-pc-linux-gnu/7.3.0] ==> dir [/cvmfs/sft.cern.ch/lcg/contrib/gcc/7.3.0binutils/x86_64-slc6/bin/../lib/gcc/x86_64-pc-linux-gnu/7.3.0]
    arg [-L/cvmfs/sft.cern.ch/lcg/contrib/gcc/7.3.0binutils/x86_64-slc6/bin/../lib/gcc] ==> dir [/cvmfs/sft.cern.ch/lcg/contrib/gcc/7.3.0binutils/x86_64-slc6/bin/../lib/gcc]
    arg [-L/cvmfs/sft.cern.ch/lcg/contrib/gcc/7.3.0binutils/x86_64-slc6/bin/../lib/gcc/x86_64-pc-linux-gnu/7.3.0/../../../../lib64] ==> dir [/cvmfs/sft.cern.ch/lcg/contrib/gcc/7.3.0binutils/x86_64-slc6/bin/../lib/gcc/x86_64-pc-linux-gnu/7.3.0/../../../../lib64]
    arg [-L/lib/../lib64] ==> dir [/lib/../lib64]
    arg [-L/usr/lib/../lib64] ==> dir [/usr/lib/../lib64]
    arg [-L/cvmfs/sft.cern.ch/lcg/contrib/gcc/7.3.0binutils/x86_64-slc6/bin/../lib/gcc/x86_64-pc-linux-gnu/7.3.0/../../..] ==> dir [/cvmfs/sft.cern.ch/lcg/contrib/gcc/7.3.0binutils/x86_64-slc6/bin/../lib/gcc/x86_64-pc-linux-gnu/7.3.0/../../..]
    arg [CMakeFiles/cmTC_c1e93.dir/CMakeCCompilerABI.c.o] ==> ignore
    arg [-lgcc] ==> lib [gcc]
    arg [--as-needed] ==> ignore
    arg [-lgcc_s] ==> lib [gcc_s]
    arg [--no-as-needed] ==> ignore
    arg [-lc] ==> lib [c]
    arg [-lgcc] ==> lib [gcc]
    arg [--as-needed] ==> ignore
    arg [-lgcc_s] ==> lib [gcc_s]
    arg [--no-as-needed] ==> ignore
    arg [/cvmfs/sft.cern.ch/lcg/contrib/gcc/7.3.0binutils/x86_64-slc6/bin/../lib/gcc/x86_64-pc-linux-gnu/7.3.0/crtend.o] ==> ignore
    arg [/usr/lib/../lib64/crtn.o] ==> ignore
  collapse library dir [/cvmfs/sft.cern.ch/lcg/contrib/gcc/7.3.0binutils/x86_64-slc6/bin/../lib/gcc/x86_64-pc-linux-gnu/7.3.0] ==> [/cvmfs/sft.cern.ch/lcg/contrib/gcc/7.3.0binutils/x86_64-slc6/lib/gcc/x86_64-pc-linux-gnu/7.3.0]
  collapse library dir [/cvmfs/sft.cern.ch/lcg/contrib/gcc/7.3.0binutils/x86_64-slc6/bin/../lib/gcc] ==> [/cvmfs/sft.cern.ch/lcg/contrib/gcc/7.3.0binutils/x86_64-slc6/lib/gcc]
  collapse library dir [/cvmfs/sft.cern.ch/lcg/contrib/gcc/7.3.0binutils/x86_64-slc6/bin/../lib/gcc/x86_64-pc-linux-gnu/7.3.0/../../../../lib64] ==> [/cvmfs/sft.cern.ch/lcg/contrib/gcc/7.3.0binutils/x86_64-slc6/lib64]
  collapse library dir [/lib/../lib64] ==> [/lib64]
  collapse library dir [/usr/lib/../lib64] ==> [/usr/lib64]
  collapse library dir [/cvmfs/sft.cern.ch/lcg/contrib/gcc/7.3.0binutils/x86_64-slc6/bin/../lib/gcc/x86_64-pc-linux-gnu/7.3.0/../../..] ==> [/cvmfs/sft.cern.ch/lcg/contrib/gcc/7.3.0binutils/x86_64-slc6/lib]
  implicit libs: [gcc;gcc_s;c;gcc;gcc_s]
  implicit dirs: [/cvmfs/sft.cern.ch/lcg/contrib/gcc/7.3.0binutils/x86_64-slc6/lib/gcc/x86_64-pc-linux-gnu/7.3.0;/cvmfs/sft.cern.ch/lcg/contrib/gcc/7.3.0binutils/x86_64-slc6/lib/gcc;/cvmfs/sft.cern.ch/lcg/contrib/gcc/7.3.0binutils/x86_64-slc6/lib64;/lib64;/usr/lib64;/cvmfs/sft.cern.ch/lcg/contrib/gcc/7.3.0binutils/x86_64-slc6/lib]
  implicit fwks: []




Detecting C [-std=c11] compiler features compiled with the following output:
Change Dir: /data/atlas/atlasdata/micheli/validation/histos/histo_all/fmt-5.1.0/build/CMakeFiles/CMakeTmp

Run Build Command:"/usr/bin/gmake" "cmTC_36d2d/fast"
/usr/bin/gmake -f CMakeFiles/cmTC_36d2d.dir/build.make CMakeFiles/cmTC_36d2d.dir/build
gmake[1]: Entering directory `/data/atlas/atlasdata/micheli/validation/histos/histo_all/fmt-5.1.0/build/CMakeFiles/CMakeTmp'
Building C object CMakeFiles/cmTC_36d2d.dir/feature_tests.c.o
/cvmfs/sft-nightlies.cern.ch/lcg/contrib/gcc/7binutils/x86_64-slc6/bin/gcc   -std=c11 -o CMakeFiles/cmTC_36d2d.dir/feature_tests.c.o   -c /data/atlas/atlasdata/micheli/validation/histos/histo_all/fmt-5.1.0/build/CMakeFiles/feature_tests.c
Linking C executable cmTC_36d2d
/cvmfs/sft.cern.ch/lcg/releases/CMake/3.11.1-daf3a/x86_64-slc6-gcc7-opt/bin/cmake -E cmake_link_script CMakeFiles/cmTC_36d2d.dir/link.txt --verbose=1
/cvmfs/sft-nightlies.cern.ch/lcg/contrib/gcc/7binutils/x86_64-slc6/bin/gcc      -rdynamic CMakeFiles/cmTC_36d2d.dir/feature_tests.c.o  -o cmTC_36d2d 
gmake[1]: Leaving directory `/data/atlas/atlasdata/micheli/validation/histos/histo_all/fmt-5.1.0/build/CMakeFiles/CMakeTmp'


    Feature record: C_FEATURE:1c_function_prototypes
    Feature record: C_FEATURE:1c_restrict
    Feature record: C_FEATURE:1c_static_assert
    Feature record: C_FEATURE:1c_variadic_macros


Detecting C [-std=c99] compiler features compiled with the following output:
Change Dir: /data/atlas/atlasdata/micheli/validation/histos/histo_all/fmt-5.1.0/build/CMakeFiles/CMakeTmp

Run Build Command:"/usr/bin/gmake" "cmTC_1ed22/fast"
/usr/bin/gmake -f CMakeFiles/cmTC_1ed22.dir/build.make CMakeFiles/cmTC_1ed22.dir/build
gmake[1]: Entering directory `/data/atlas/atlasdata/micheli/validation/histos/histo_all/fmt-5.1.0/build/CMakeFiles/CMakeTmp'
Building C object CMakeFiles/cmTC_1ed22.dir/feature_tests.c.o
/cvmfs/sft-nightlies.cern.ch/lcg/contrib/gcc/7binutils/x86_64-slc6/bin/gcc   -std=c99 -o CMakeFiles/cmTC_1ed22.dir/feature_tests.c.o   -c /data/atlas/atlasdata/micheli/validation/histos/histo_all/fmt-5.1.0/build/CMakeFiles/feature_tests.c
Linking C executable cmTC_1ed22
/cvmfs/sft.cern.ch/lcg/releases/CMake/3.11.1-daf3a/x86_64-slc6-gcc7-opt/bin/cmake -E cmake_link_script CMakeFiles/cmTC_1ed22.dir/link.txt --verbose=1
/cvmfs/sft-nightlies.cern.ch/lcg/contrib/gcc/7binutils/x86_64-slc6/bin/gcc      -rdynamic CMakeFiles/cmTC_1ed22.dir/feature_tests.c.o  -o cmTC_1ed22 
gmake[1]: Leaving directory `/data/atlas/atlasdata/micheli/validation/histos/histo_all/fmt-5.1.0/build/CMakeFiles/CMakeTmp'


    Feature record: C_FEATURE:1c_function_prototypes
    Feature record: C_FEATURE:1c_restrict
    Feature record: C_FEATURE:0c_static_assert
    Feature record: C_FEATURE:1c_variadic_macros


Detecting C [-std=c90] compiler features compiled with the following output:
Change Dir: /data/atlas/atlasdata/micheli/validation/histos/histo_all/fmt-5.1.0/build/CMakeFiles/CMakeTmp

Run Build Command:"/usr/bin/gmake" "cmTC_9cf5e/fast"
/usr/bin/gmake -f CMakeFiles/cmTC_9cf5e.dir/build.make CMakeFiles/cmTC_9cf5e.dir/build
gmake[1]: Entering directory `/data/atlas/atlasdata/micheli/validation/histos/histo_all/fmt-5.1.0/build/CMakeFiles/CMakeTmp'
Building C object CMakeFiles/cmTC_9cf5e.dir/feature_tests.c.o
/cvmfs/sft-nightlies.cern.ch/lcg/contrib/gcc/7binutils/x86_64-slc6/bin/gcc   -std=c90 -o CMakeFiles/cmTC_9cf5e.dir/feature_tests.c.o   -c /data/atlas/atlasdata/micheli/validation/histos/histo_all/fmt-5.1.0/build/CMakeFiles/feature_tests.c
Linking C executable cmTC_9cf5e
/cvmfs/sft.cern.ch/lcg/releases/CMake/3.11.1-daf3a/x86_64-slc6-gcc7-opt/bin/cmake -E cmake_link_script CMakeFiles/cmTC_9cf5e.dir/link.txt --verbose=1
/cvmfs/sft-nightlies.cern.ch/lcg/contrib/gcc/7binutils/x86_64-slc6/bin/gcc      -rdynamic CMakeFiles/cmTC_9cf5e.dir/feature_tests.c.o  -o cmTC_9cf5e 
gmake[1]: Leaving directory `/data/atlas/atlasdata/micheli/validation/histos/histo_all/fmt-5.1.0/build/CMakeFiles/CMakeTmp'


    Feature record: C_FEATURE:1c_function_prototypes
    Feature record: C_FEATURE:0c_restrict
    Feature record: C_FEATURE:0c_static_assert
    Feature record: C_FEATURE:0c_variadic_macros
Determining if the CXX compiler works passed with the following output:
Change Dir: /data/atlas/atlasdata/micheli/validation/histos/histo_all/fmt-5.1.0/build/CMakeFiles/CMakeTmp

Run Build Command:"/usr/bin/gmake" "cmTC_f4455/fast"
/usr/bin/gmake -f CMakeFiles/cmTC_f4455.dir/build.make CMakeFiles/cmTC_f4455.dir/build
gmake[1]: Entering directory `/data/atlas/atlasdata/micheli/validation/histos/histo_all/fmt-5.1.0/build/CMakeFiles/CMakeTmp'
Building CXX object CMakeFiles/cmTC_f4455.dir/testCXXCompiler.cxx.o
/cvmfs/sft-nightlies.cern.ch/lcg/contrib/gcc/7binutils/x86_64-slc6/bin/g++     -o CMakeFiles/cmTC_f4455.dir/testCXXCompiler.cxx.o -c /data/atlas/atlasdata/micheli/validation/histos/histo_all/fmt-5.1.0/build/CMakeFiles/CMakeTmp/testCXXCompiler.cxx
Linking CXX executable cmTC_f4455
/cvmfs/sft.cern.ch/lcg/releases/CMake/3.11.1-daf3a/x86_64-slc6-gcc7-opt/bin/cmake -E cmake_link_script CMakeFiles/cmTC_f4455.dir/link.txt --verbose=1
/cvmfs/sft-nightlies.cern.ch/lcg/contrib/gcc/7binutils/x86_64-slc6/bin/g++       -rdynamic CMakeFiles/cmTC_f4455.dir/testCXXCompiler.cxx.o  -o cmTC_f4455 
gmake[1]: Leaving directory `/data/atlas/atlasdata/micheli/validation/histos/histo_all/fmt-5.1.0/build/CMakeFiles/CMakeTmp'


Detecting CXX compiler ABI info compiled with the following output:
Change Dir: /data/atlas/atlasdata/micheli/validation/histos/histo_all/fmt-5.1.0/build/CMakeFiles/CMakeTmp

Run Build Command:"/usr/bin/gmake" "cmTC_9cc02/fast"
/usr/bin/gmake -f CMakeFiles/cmTC_9cc02.dir/build.make CMakeFiles/cmTC_9cc02.dir/build
gmake[1]: Entering directory `/data/atlas/atlasdata/micheli/validation/histos/histo_all/fmt-5.1.0/build/CMakeFiles/CMakeTmp'
Building CXX object CMakeFiles/cmTC_9cc02.dir/CMakeCXXCompilerABI.cpp.o
/cvmfs/sft-nightlies.cern.ch/lcg/contrib/gcc/7binutils/x86_64-slc6/bin/g++     -o CMakeFiles/cmTC_9cc02.dir/CMakeCXXCompilerABI.cpp.o -c /cvmfs/sft.cern.ch/lcg/releases/CMake/3.11.1-daf3a/x86_64-slc6-gcc7-opt/share/cmake-3.11/Modules/CMakeCXXCompilerABI.cpp
Linking CXX executable cmTC_9cc02
/cvmfs/sft.cern.ch/lcg/releases/CMake/3.11.1-daf3a/x86_64-slc6-gcc7-opt/bin/cmake -E cmake_link_script CMakeFiles/cmTC_9cc02.dir/link.txt --verbose=1
/cvmfs/sft-nightlies.cern.ch/lcg/contrib/gcc/7binutils/x86_64-slc6/bin/g++      -v -rdynamic CMakeFiles/cmTC_9cc02.dir/CMakeCXXCompilerABI.cpp.o  -o cmTC_9cc02 
Using built-in specs.
COLLECT_GCC=/cvmfs/sft-nightlies.cern.ch/lcg/contrib/gcc/7binutils/x86_64-slc6/bin/g++
COLLECT_LTO_WRAPPER=/cvmfs/sft.cern.ch/lcg/contrib/gcc/7.3.0binutils/x86_64-slc6/bin/../libexec/gcc/x86_64-pc-linux-gnu/7.3.0/lto-wrapper
Target: x86_64-pc-linux-gnu
Configured with: ../gcc-7.3.0/configure --prefix=/build/pmendez-sftnight/install-gcc730binutils --with-ld=/cvmfs/sft.cern.ch/lcg/contrib/bintuils/2.28/x86_64-slc6/bin/ld -with-gnu-as --with-gold=/cvmfs/sft.cern.ch/lcg/contrib/bintuils/2.28/x86_64-slc6/bin/ld.gold --with-as=/cvmfs/sft.cern.ch/lcg/contrib/bintuils/2.28/x86_64-slc6/bin/as --enable-gold--enable-ld
Thread model: posix
gcc version 7.3.0 (GCC) 
COMPILER_PATH=/cvmfs/sft.cern.ch/lcg/contrib/gcc/7.3.0binutils/x86_64-slc6/bin/../libexec/gcc/x86_64-pc-linux-gnu/7.3.0/:/cvmfs/sft.cern.ch/lcg/contrib/gcc/7.3.0binutils/x86_64-slc6/bin/../libexec/gcc/
LIBRARY_PATH=/cvmfs/sft.cern.ch/lcg/contrib/gcc/7.3.0binutils/x86_64-slc6/bin/../lib/gcc/x86_64-pc-linux-gnu/7.3.0/:/cvmfs/sft.cern.ch/lcg/contrib/gcc/7.3.0binutils/x86_64-slc6/bin/../lib/gcc/:/cvmfs/sft.cern.ch/lcg/contrib/gcc/7.3.0binutils/x86_64-slc6/bin/../lib/gcc/x86_64-pc-linux-gnu/7.3.0/../../../../lib64/:/lib/../lib64/:/usr/lib/../lib64/:/cvmfs/sft.cern.ch/lcg/contrib/gcc/7.3.0binutils/x86_64-slc6/bin/../lib/gcc/x86_64-pc-linux-gnu/7.3.0/../../../:/lib/:/usr/lib/
COLLECT_GCC_OPTIONS='-v' '-rdynamic' '-o' 'cmTC_9cc02' '-shared-libgcc' '-mtune=generic' '-march=x86-64'
 /cvmfs/sft.cern.ch/lcg/contrib/gcc/7.3.0binutils/x86_64-slc6/bin/../libexec/gcc/x86_64-pc-linux-gnu/7.3.0/collect2 -plugin /cvmfs/sft.cern.ch/lcg/contrib/gcc/7.3.0binutils/x86_64-slc6/bin/../libexec/gcc/x86_64-pc-linux-gnu/7.3.0/liblto_plugin.so -plugin-opt=/cvmfs/sft.cern.ch/lcg/contrib/gcc/7.3.0binutils/x86_64-slc6/bin/../libexec/gcc/x86_64-pc-linux-gnu/7.3.0/lto-wrapper -plugin-opt=-fresolution=/tmp/cczdzz9M.res -plugin-opt=-pass-through=-lgcc_s -plugin-opt=-pass-through=-lgcc -plugin-opt=-pass-through=-lc -plugin-opt=-pass-through=-lgcc_s -plugin-opt=-pass-through=-lgcc --eh-frame-hdr -m elf_x86_64 -export-dynamic -dynamic-linker /lib64/ld-linux-x86-64.so.2 -o cmTC_9cc02 /usr/lib/../lib64/crt1.o /usr/lib/../lib64/crti.o /cvmfs/sft.cern.ch/lcg/contrib/gcc/7.3.0binutils/x86_64-slc6/bin/../lib/gcc/x86_64-pc-linux-gnu/7.3.0/crtbegin.o -L/cvmfs/sft.cern.ch/lcg/contrib/gcc/7.3.0binutils/x86_64-slc6/bin/../lib/gcc/x86_64-pc-linux-gnu/7.3.0 -L/cvmfs/sft.cern.ch/lcg/contrib/gcc/7.3.0binutils/x86_64-slc6/bin/../lib/gcc -L/cvmfs/sft.cern.ch/lcg/contrib/gcc/7.3.0binutils/x86_64-slc6/bin/../lib/gcc/x86_64-pc-linux-gnu/7.3.0/../../../../lib64 -L/lib/../lib64 -L/usr/lib/../lib64 -L/cvmfs/sft.cern.ch/lcg/contrib/gcc/7.3.0binutils/x86_64-slc6/bin/../lib/gcc/x86_64-pc-linux-gnu/7.3.0/../../.. CMakeFiles/cmTC_9cc02.dir/CMakeCXXCompilerABI.cpp.o -lstdc++ -lm -lgcc_s -lgcc -lc -lgcc_s -lgcc /cvmfs/sft.cern.ch/lcg/contrib/gcc/7.3.0binutils/x86_64-slc6/bin/../lib/gcc/x86_64-pc-linux-gnu/7.3.0/crtend.o /usr/lib/../lib64/crtn.o
COLLECT_GCC_OPTIONS='-v' '-rdynamic' '-o' 'cmTC_9cc02' '-shared-libgcc' '-mtune=generic' '-march=x86-64'
gmake[1]: Leaving directory `/data/atlas/atlasdata/micheli/validation/histos/histo_all/fmt-5.1.0/build/CMakeFiles/CMakeTmp'


Parsed CXX implicit link information from above output:
  link line regex: [^( *|.*[/\])(ld|CMAKE_LINK_STARTFILE-NOTFOUND|([^/\]+-)?ld|collect2)[^/\]*( |$)]
  ignore line: [Change Dir: /data/atlas/atlasdata/micheli/validation/histos/histo_all/fmt-5.1.0/build/CMakeFiles/CMakeTmp]
  ignore line: []
  ignore line: [Run Build Command:"/usr/bin/gmake" "cmTC_9cc02/fast"]
  ignore line: [/usr/bin/gmake -f CMakeFiles/cmTC_9cc02.dir/build.make CMakeFiles/cmTC_9cc02.dir/build]
  ignore line: [gmake[1]: Entering directory `/data/atlas/atlasdata/micheli/validation/histos/histo_all/fmt-5.1.0/build/CMakeFiles/CMakeTmp']
  ignore line: [Building CXX object CMakeFiles/cmTC_9cc02.dir/CMakeCXXCompilerABI.cpp.o]
  ignore line: [/cvmfs/sft-nightlies.cern.ch/lcg/contrib/gcc/7binutils/x86_64-slc6/bin/g++     -o CMakeFiles/cmTC_9cc02.dir/CMakeCXXCompilerABI.cpp.o -c /cvmfs/sft.cern.ch/lcg/releases/CMake/3.11.1-daf3a/x86_64-slc6-gcc7-opt/share/cmake-3.11/Modules/CMakeCXXCompilerABI.cpp]
  ignore line: [Linking CXX executable cmTC_9cc02]
  ignore line: [/cvmfs/sft.cern.ch/lcg/releases/CMake/3.11.1-daf3a/x86_64-slc6-gcc7-opt/bin/cmake -E cmake_link_script CMakeFiles/cmTC_9cc02.dir/link.txt --verbose=1]
  ignore line: [/cvmfs/sft-nightlies.cern.ch/lcg/contrib/gcc/7binutils/x86_64-slc6/bin/g++      -v -rdynamic CMakeFiles/cmTC_9cc02.dir/CMakeCXXCompilerABI.cpp.o  -o cmTC_9cc02 ]
  ignore line: [Using built-in specs.]
  ignore line: [COLLECT_GCC=/cvmfs/sft-nightlies.cern.ch/lcg/contrib/gcc/7binutils/x86_64-slc6/bin/g++]
  ignore line: [COLLECT_LTO_WRAPPER=/cvmfs/sft.cern.ch/lcg/contrib/gcc/7.3.0binutils/x86_64-slc6/bin/../libexec/gcc/x86_64-pc-linux-gnu/7.3.0/lto-wrapper]
  ignore line: [Target: x86_64-pc-linux-gnu]
  ignore line: [Configured with: ../gcc-7.3.0/configure --prefix=/build/pmendez-sftnight/install-gcc730binutils --with-ld=/cvmfs/sft.cern.ch/lcg/contrib/bintuils/2.28/x86_64-slc6/bin/ld -with-gnu-as --with-gold=/cvmfs/sft.cern.ch/lcg/contrib/bintuils/2.28/x86_64-slc6/bin/ld.gold --with-as=/cvmfs/sft.cern.ch/lcg/contrib/bintuils/2.28/x86_64-slc6/bin/as --enable-gold--enable-ld]
  ignore line: [Thread model: posix]
  ignore line: [gcc version 7.3.0 (GCC) ]
  ignore line: [COMPILER_PATH=/cvmfs/sft.cern.ch/lcg/contrib/gcc/7.3.0binutils/x86_64-slc6/bin/../libexec/gcc/x86_64-pc-linux-gnu/7.3.0/:/cvmfs/sft.cern.ch/lcg/contrib/gcc/7.3.0binutils/x86_64-slc6/bin/../libexec/gcc/]
  ignore line: [LIBRARY_PATH=/cvmfs/sft.cern.ch/lcg/contrib/gcc/7.3.0binutils/x86_64-slc6/bin/../lib/gcc/x86_64-pc-linux-gnu/7.3.0/:/cvmfs/sft.cern.ch/lcg/contrib/gcc/7.3.0binutils/x86_64-slc6/bin/../lib/gcc/:/cvmfs/sft.cern.ch/lcg/contrib/gcc/7.3.0binutils/x86_64-slc6/bin/../lib/gcc/x86_64-pc-linux-gnu/7.3.0/../../../../lib64/:/lib/../lib64/:/usr/lib/../lib64/:/cvmfs/sft.cern.ch/lcg/contrib/gcc/7.3.0binutils/x86_64-slc6/bin/../lib/gcc/x86_64-pc-linux-gnu/7.3.0/../../../:/lib/:/usr/lib/]
  ignore line: [COLLECT_GCC_OPTIONS='-v' '-rdynamic' '-o' 'cmTC_9cc02' '-shared-libgcc' '-mtune=generic' '-march=x86-64']
  link line: [ /cvmfs/sft.cern.ch/lcg/contrib/gcc/7.3.0binutils/x86_64-slc6/bin/../libexec/gcc/x86_64-pc-linux-gnu/7.3.0/collect2 -plugin /cvmfs/sft.cern.ch/lcg/contrib/gcc/7.3.0binutils/x86_64-slc6/bin/../libexec/gcc/x86_64-pc-linux-gnu/7.3.0/liblto_plugin.so -plugin-opt=/cvmfs/sft.cern.ch/lcg/contrib/gcc/7.3.0binutils/x86_64-slc6/bin/../libexec/gcc/x86_64-pc-linux-gnu/7.3.0/lto-wrapper -plugin-opt=-fresolution=/tmp/cczdzz9M.res -plugin-opt=-pass-through=-lgcc_s -plugin-opt=-pass-through=-lgcc -plugin-opt=-pass-through=-lc -plugin-opt=-pass-through=-lgcc_s -plugin-opt=-pass-through=-lgcc --eh-frame-hdr -m elf_x86_64 -export-dynamic -dynamic-linker /lib64/ld-linux-x86-64.so.2 -o cmTC_9cc02 /usr/lib/../lib64/crt1.o /usr/lib/../lib64/crti.o /cvmfs/sft.cern.ch/lcg/contrib/gcc/7.3.0binutils/x86_64-slc6/bin/../lib/gcc/x86_64-pc-linux-gnu/7.3.0/crtbegin.o -L/cvmfs/sft.cern.ch/lcg/contrib/gcc/7.3.0binutils/x86_64-slc6/bin/../lib/gcc/x86_64-pc-linux-gnu/7.3.0 -L/cvmfs/sft.cern.ch/lcg/contrib/gcc/7.3.0binutils/x86_64-slc6/bin/../lib/gcc -L/cvmfs/sft.cern.ch/lcg/contrib/gcc/7.3.0binutils/x86_64-slc6/bin/../lib/gcc/x86_64-pc-linux-gnu/7.3.0/../../../../lib64 -L/lib/../lib64 -L/usr/lib/../lib64 -L/cvmfs/sft.cern.ch/lcg/contrib/gcc/7.3.0binutils/x86_64-slc6/bin/../lib/gcc/x86_64-pc-linux-gnu/7.3.0/../../.. CMakeFiles/cmTC_9cc02.dir/CMakeCXXCompilerABI.cpp.o -lstdc++ -lm -lgcc_s -lgcc -lc -lgcc_s -lgcc /cvmfs/sft.cern.ch/lcg/contrib/gcc/7.3.0binutils/x86_64-slc6/bin/../lib/gcc/x86_64-pc-linux-gnu/7.3.0/crtend.o /usr/lib/../lib64/crtn.o]
    arg [/cvmfs/sft.cern.ch/lcg/contrib/gcc/7.3.0binutils/x86_64-slc6/bin/../libexec/gcc/x86_64-pc-linux-gnu/7.3.0/collect2] ==> ignore
    arg [-plugin] ==> ignore
    arg [/cvmfs/sft.cern.ch/lcg/contrib/gcc/7.3.0binutils/x86_64-slc6/bin/../libexec/gcc/x86_64-pc-linux-gnu/7.3.0/liblto_plugin.so] ==> ignore
    arg [-plugin-opt=/cvmfs/sft.cern.ch/lcg/contrib/gcc/7.3.0binutils/x86_64-slc6/bin/../libexec/gcc/x86_64-pc-linux-gnu/7.3.0/lto-wrapper] ==> ignore
    arg [-plugin-opt=-fresolution=/tmp/cczdzz9M.res] ==> ignore
    arg [-plugin-opt=-pass-through=-lgcc_s] ==> ignore
    arg [-plugin-opt=-pass-through=-lgcc] ==> ignore
    arg [-plugin-opt=-pass-through=-lc] ==> ignore
    arg [-plugin-opt=-pass-through=-lgcc_s] ==> ignore
    arg [-plugin-opt=-pass-through=-lgcc] ==> ignore
    arg [--eh-frame-hdr] ==> ignore
    arg [-m] ==> ignore
    arg [elf_x86_64] ==> ignore
    arg [-export-dynamic] ==> ignore
    arg [-dynamic-linker] ==> ignore
    arg [/lib64/ld-linux-x86-64.so.2] ==> ignore
    arg [-o] ==> ignore
    arg [cmTC_9cc02] ==> ignore
    arg [/usr/lib/../lib64/crt1.o] ==> ignore
    arg [/usr/lib/../lib64/crti.o] ==> ignore
    arg [/cvmfs/sft.cern.ch/lcg/contrib/gcc/7.3.0binutils/x86_64-slc6/bin/../lib/gcc/x86_64-pc-linux-gnu/7.3.0/crtbegin.o] ==> ignore
    arg [-L/cvmfs/sft.cern.ch/lcg/contrib/gcc/7.3.0binutils/x86_64-slc6/bin/../lib/gcc/x86_64-pc-linux-gnu/7.3.0] ==> dir [/cvmfs/sft.cern.ch/lcg/contrib/gcc/7.3.0binutils/x86_64-slc6/bin/../lib/gcc/x86_64-pc-linux-gnu/7.3.0]
    arg [-L/cvmfs/sft.cern.ch/lcg/contrib/gcc/7.3.0binutils/x86_64-slc6/bin/../lib/gcc] ==> dir [/cvmfs/sft.cern.ch/lcg/contrib/gcc/7.3.0binutils/x86_64-slc6/bin/../lib/gcc]
    arg [-L/cvmfs/sft.cern.ch/lcg/contrib/gcc/7.3.0binutils/x86_64-slc6/bin/../lib/gcc/x86_64-pc-linux-gnu/7.3.0/../../../../lib64] ==> dir [/cvmfs/sft.cern.ch/lcg/contrib/gcc/7.3.0binutils/x86_64-slc6/bin/../lib/gcc/x86_64-pc-linux-gnu/7.3.0/../../../../lib64]
    arg [-L/lib/../lib64] ==> dir [/lib/../lib64]
    arg [-L/usr/lib/../lib64] ==> dir [/usr/lib/../lib64]
    arg [-L/cvmfs/sft.cern.ch/lcg/contrib/gcc/7.3.0binutils/x86_64-slc6/bin/../lib/gcc/x86_64-pc-linux-gnu/7.3.0/../../..] ==> dir [/cvmfs/sft.cern.ch/lcg/contrib/gcc/7.3.0binutils/x86_64-slc6/bin/../lib/gcc/x86_64-pc-linux-gnu/7.3.0/../../..]
    arg [CMakeFiles/cmTC_9cc02.dir/CMakeCXXCompilerABI.cpp.o] ==> ignore
    arg [-lstdc++] ==> lib [stdc++]
    arg [-lm] ==> lib [m]
    arg [-lgcc_s] ==> lib [gcc_s]
    arg [-lgcc] ==> lib [gcc]
    arg [-lc] ==> lib [c]
    arg [-lgcc_s] ==> lib [gcc_s]
    arg [-lgcc] ==> lib [gcc]
    arg [/cvmfs/sft.cern.ch/lcg/contrib/gcc/7.3.0binutils/x86_64-slc6/bin/../lib/gcc/x86_64-pc-linux-gnu/7.3.0/crtend.o] ==> ignore
    arg [/usr/lib/../lib64/crtn.o] ==> ignore
  collapse library dir [/cvmfs/sft.cern.ch/lcg/contrib/gcc/7.3.0binutils/x86_64-slc6/bin/../lib/gcc/x86_64-pc-linux-gnu/7.3.0] ==> [/cvmfs/sft.cern.ch/lcg/contrib/gcc/7.3.0binutils/x86_64-slc6/lib/gcc/x86_64-pc-linux-gnu/7.3.0]
  collapse library dir [/cvmfs/sft.cern.ch/lcg/contrib/gcc/7.3.0binutils/x86_64-slc6/bin/../lib/gcc] ==> [/cvmfs/sft.cern.ch/lcg/contrib/gcc/7.3.0binutils/x86_64-slc6/lib/gcc]
  collapse library dir [/cvmfs/sft.cern.ch/lcg/contrib/gcc/7.3.0binutils/x86_64-slc6/bin/../lib/gcc/x86_64-pc-linux-gnu/7.3.0/../../../../lib64] ==> [/cvmfs/sft.cern.ch/lcg/contrib/gcc/7.3.0binutils/x86_64-slc6/lib64]
  collapse library dir [/lib/../lib64] ==> [/lib64]
  collapse library dir [/usr/lib/../lib64] ==> [/usr/lib64]
  collapse library dir [/cvmfs/sft.cern.ch/lcg/contrib/gcc/7.3.0binutils/x86_64-slc6/bin/../lib/gcc/x86_64-pc-linux-gnu/7.3.0/../../..] ==> [/cvmfs/sft.cern.ch/lcg/contrib/gcc/7.3.0binutils/x86_64-slc6/lib]
  implicit libs: [stdc++;m;gcc_s;gcc;c;gcc_s;gcc]
  implicit dirs: [/cvmfs/sft.cern.ch/lcg/contrib/gcc/7.3.0binutils/x86_64-slc6/lib/gcc/x86_64-pc-linux-gnu/7.3.0;/cvmfs/sft.cern.ch/lcg/contrib/gcc/7.3.0binutils/x86_64-slc6/lib/gcc;/cvmfs/sft.cern.ch/lcg/contrib/gcc/7.3.0binutils/x86_64-slc6/lib64;/lib64;/usr/lib64;/cvmfs/sft.cern.ch/lcg/contrib/gcc/7.3.0binutils/x86_64-slc6/lib]
  implicit fwks: []




Detecting CXX [-std=c++1z] compiler features compiled with the following output:
Change Dir: /data/atlas/atlasdata/micheli/validation/histos/histo_all/fmt-5.1.0/build/CMakeFiles/CMakeTmp

Run Build Command:"/usr/bin/gmake" "cmTC_5936a/fast"
/usr/bin/gmake -f CMakeFiles/cmTC_5936a.dir/build.make CMakeFiles/cmTC_5936a.dir/build
gmake[1]: Entering directory `/data/atlas/atlasdata/micheli/validation/histos/histo_all/fmt-5.1.0/build/CMakeFiles/CMakeTmp'
Building CXX object CMakeFiles/cmTC_5936a.dir/feature_tests.cxx.o
/cvmfs/sft-nightlies.cern.ch/lcg/contrib/gcc/7binutils/x86_64-slc6/bin/g++    -std=c++1z -o CMakeFiles/cmTC_5936a.dir/feature_tests.cxx.o -c /data/atlas/atlasdata/micheli/validation/histos/histo_all/fmt-5.1.0/build/CMakeFiles/feature_tests.cxx
Linking CXX executable cmTC_5936a
/cvmfs/sft.cern.ch/lcg/releases/CMake/3.11.1-daf3a/x86_64-slc6-gcc7-opt/bin/cmake -E cmake_link_script CMakeFiles/cmTC_5936a.dir/link.txt --verbose=1
/cvmfs/sft-nightlies.cern.ch/lcg/contrib/gcc/7binutils/x86_64-slc6/bin/g++       -rdynamic CMakeFiles/cmTC_5936a.dir/feature_tests.cxx.o  -o cmTC_5936a 
gmake[1]: Leaving directory `/data/atlas/atlasdata/micheli/validation/histos/histo_all/fmt-5.1.0/build/CMakeFiles/CMakeTmp'


    Feature record: CXX_FEATURE:1cxx_aggregate_default_initializers
    Feature record: CXX_FEATURE:1cxx_alias_templates
    Feature record: CXX_FEATURE:1cxx_alignas
    Feature record: CXX_FEATURE:1cxx_alignof
    Feature record: CXX_FEATURE:1cxx_attributes
    Feature record: CXX_FEATURE:1cxx_attribute_deprecated
    Feature record: CXX_FEATURE:1cxx_auto_type
    Feature record: CXX_FEATURE:1cxx_binary_literals
    Feature record: CXX_FEATURE:1cxx_constexpr
    Feature record: CXX_FEATURE:1cxx_contextual_conversions
    Feature record: CXX_FEATURE:1cxx_decltype
    Feature record: CXX_FEATURE:1cxx_decltype_auto
    Feature record: CXX_FEATURE:1cxx_decltype_incomplete_return_types
    Feature record: CXX_FEATURE:1cxx_default_function_template_args
    Feature record: CXX_FEATURE:1cxx_defaulted_functions
    Feature record: CXX_FEATURE:1cxx_defaulted_move_initializers
    Feature record: CXX_FEATURE:1cxx_delegating_constructors
    Feature record: CXX_FEATURE:1cxx_deleted_functions
    Feature record: CXX_FEATURE:1cxx_digit_separators
    Feature record: CXX_FEATURE:1cxx_enum_forward_declarations
    Feature record: CXX_FEATURE:1cxx_explicit_conversions
    Feature record: CXX_FEATURE:1cxx_extended_friend_declarations
    Feature record: CXX_FEATURE:1cxx_extern_templates
    Feature record: CXX_FEATURE:1cxx_final
    Feature record: CXX_FEATURE:1cxx_func_identifier
    Feature record: CXX_FEATURE:1cxx_generalized_initializers
    Feature record: CXX_FEATURE:1cxx_generic_lambdas
    Feature record: CXX_FEATURE:1cxx_inheriting_constructors
    Feature record: CXX_FEATURE:1cxx_inline_namespaces
    Feature record: CXX_FEATURE:1cxx_lambdas
    Feature record: CXX_FEATURE:1cxx_lambda_init_captures
    Feature record: CXX_FEATURE:1cxx_local_type_template_args
    Feature record: CXX_FEATURE:1cxx_long_long_type
    Feature record: CXX_FEATURE:1cxx_noexcept
    Feature record: CXX_FEATURE:1cxx_nonstatic_member_init
    Feature record: CXX_FEATURE:1cxx_nullptr
    Feature record: CXX_FEATURE:1cxx_override
    Feature record: CXX_FEATURE:1cxx_range_for
    Feature record: CXX_FEATURE:1cxx_raw_string_literals
    Feature record: CXX_FEATURE:1cxx_reference_qualified_functions
    Feature record: CXX_FEATURE:1cxx_relaxed_constexpr
    Feature record: CXX_FEATURE:1cxx_return_type_deduction
    Feature record: CXX_FEATURE:1cxx_right_angle_brackets
    Feature record: CXX_FEATURE:1cxx_rvalue_references
    Feature record: CXX_FEATURE:1cxx_sizeof_member
    Feature record: CXX_FEATURE:1cxx_static_assert
    Feature record: CXX_FEATURE:1cxx_strong_enums
    Feature record: CXX_FEATURE:1cxx_template_template_parameters
    Feature record: CXX_FEATURE:1cxx_thread_local
    Feature record: CXX_FEATURE:1cxx_trailing_return_types
    Feature record: CXX_FEATURE:1cxx_unicode_literals
    Feature record: CXX_FEATURE:1cxx_uniform_initialization
    Feature record: CXX_FEATURE:1cxx_unrestricted_unions
    Feature record: CXX_FEATURE:1cxx_user_literals
    Feature record: CXX_FEATURE:1cxx_variable_templates
    Feature record: CXX_FEATURE:1cxx_variadic_macros
    Feature record: CXX_FEATURE:1cxx_variadic_templates


Detecting CXX [-std=c++14] compiler features compiled with the following output:
Change Dir: /data/atlas/atlasdata/micheli/validation/histos/histo_all/fmt-5.1.0/build/CMakeFiles/CMakeTmp

Run Build Command:"/usr/bin/gmake" "cmTC_22c2b/fast"
/usr/bin/gmake -f CMakeFiles/cmTC_22c2b.dir/build.make CMakeFiles/cmTC_22c2b.dir/build
gmake[1]: Entering directory `/data/atlas/atlasdata/micheli/validation/histos/histo_all/fmt-5.1.0/build/CMakeFiles/CMakeTmp'
Building CXX object CMakeFiles/cmTC_22c2b.dir/feature_tests.cxx.o
/cvmfs/sft-nightlies.cern.ch/lcg/contrib/gcc/7binutils/x86_64-slc6/bin/g++    -std=c++14 -o CMakeFiles/cmTC_22c2b.dir/feature_tests.cxx.o -c /data/atlas/atlasdata/micheli/validation/histos/histo_all/fmt-5.1.0/build/CMakeFiles/feature_tests.cxx
Linking CXX executable cmTC_22c2b
/cvmfs/sft.cern.ch/lcg/releases/CMake/3.11.1-daf3a/x86_64-slc6-gcc7-opt/bin/cmake -E cmake_link_script CMakeFiles/cmTC_22c2b.dir/link.txt --verbose=1
/cvmfs/sft-nightlies.cern.ch/lcg/contrib/gcc/7binutils/x86_64-slc6/bin/g++       -rdynamic CMakeFiles/cmTC_22c2b.dir/feature_tests.cxx.o  -o cmTC_22c2b 
gmake[1]: Leaving directory `/data/atlas/atlasdata/micheli/validation/histos/histo_all/fmt-5.1.0/build/CMakeFiles/CMakeTmp'


    Feature record: CXX_FEATURE:1cxx_aggregate_default_initializers
    Feature record: CXX_FEATURE:1cxx_alias_templates
    Feature record: CXX_FEATURE:1cxx_alignas
    Feature record: CXX_FEATURE:1cxx_alignof
    Feature record: CXX_FEATURE:1cxx_attributes
    Feature record: CXX_FEATURE:1cxx_attribute_deprecated
    Feature record: CXX_FEATURE:1cxx_auto_type
    Feature record: CXX_FEATURE:1cxx_binary_literals
    Feature record: CXX_FEATURE:1cxx_constexpr
    Feature record: CXX_FEATURE:1cxx_contextual_conversions
    Feature record: CXX_FEATURE:1cxx_decltype
    Feature record: CXX_FEATURE:1cxx_decltype_auto
    Feature record: CXX_FEATURE:1cxx_decltype_incomplete_return_types
    Feature record: CXX_FEATURE:1cxx_default_function_template_args
    Feature record: CXX_FEATURE:1cxx_defaulted_functions
    Feature record: CXX_FEATURE:1cxx_defaulted_move_initializers
    Feature record: CXX_FEATURE:1cxx_delegating_constructors
    Feature record: CXX_FEATURE:1cxx_deleted_functions
    Feature record: CXX_FEATURE:1cxx_digit_separators
    Feature record: CXX_FEATURE:1cxx_enum_forward_declarations
    Feature record: CXX_FEATURE:1cxx_explicit_conversions
    Feature record: CXX_FEATURE:1cxx_extended_friend_declarations
    Feature record: CXX_FEATURE:1cxx_extern_templates
    Feature record: CXX_FEATURE:1cxx_final
    Feature record: CXX_FEATURE:1cxx_func_identifier
    Feature record: CXX_FEATURE:1cxx_generalized_initializers
    Feature record: CXX_FEATURE:1cxx_generic_lambdas
    Feature record: CXX_FEATURE:1cxx_inheriting_constructors
    Feature record: CXX_FEATURE:1cxx_inline_namespaces
    Feature record: CXX_FEATURE:1cxx_lambdas
    Feature record: CXX_FEATURE:1cxx_lambda_init_captures
    Feature record: CXX_FEATURE:1cxx_local_type_template_args
    Feature record: CXX_FEATURE:1cxx_long_long_type
    Feature record: CXX_FEATURE:1cxx_noexcept
    Feature record: CXX_FEATURE:1cxx_nonstatic_member_init
    Feature record: CXX_FEATURE:1cxx_nullptr
    Feature record: CXX_FEATURE:1cxx_override
    Feature record: CXX_FEATURE:1cxx_range_for
    Feature record: CXX_FEATURE:1cxx_raw_string_literals
    Feature record: CXX_FEATURE:1cxx_reference_qualified_functions
    Feature record: CXX_FEATURE:1cxx_relaxed_constexpr
    Feature record: CXX_FEATURE:1cxx_return_type_deduction
    Feature record: CXX_FEATURE:1cxx_right_angle_brackets
    Feature record: CXX_FEATURE:1cxx_rvalue_references
    Feature record: CXX_FEATURE:1cxx_sizeof_member
    Feature record: CXX_FEATURE:1cxx_static_assert
    Feature record: CXX_FEATURE:1cxx_strong_enums
    Feature record: CXX_FEATURE:1cxx_template_template_parameters
    Feature record: CXX_FEATURE:1cxx_thread_local
    Feature record: CXX_FEATURE:1cxx_trailing_return_types
    Feature record: CXX_FEATURE:1cxx_unicode_literals
    Feature record: CXX_FEATURE:1cxx_uniform_initialization
    Feature record: CXX_FEATURE:1cxx_unrestricted_unions
    Feature record: CXX_FEATURE:1cxx_user_literals
    Feature record: CXX_FEATURE:1cxx_variable_templates
    Feature record: CXX_FEATURE:1cxx_variadic_macros
    Feature record: CXX_FEATURE:1cxx_variadic_templates


Detecting CXX [-std=c++11] compiler features compiled with the following output:
Change Dir: /data/atlas/atlasdata/micheli/validation/histos/histo_all/fmt-5.1.0/build/CMakeFiles/CMakeTmp

Run Build Command:"/usr/bin/gmake" "cmTC_a0cab/fast"
/usr/bin/gmake -f CMakeFiles/cmTC_a0cab.dir/build.make CMakeFiles/cmTC_a0cab.dir/build
gmake[1]: Entering directory `/data/atlas/atlasdata/micheli/validation/histos/histo_all/fmt-5.1.0/build/CMakeFiles/CMakeTmp'
Building CXX object CMakeFiles/cmTC_a0cab.dir/feature_tests.cxx.o
/cvmfs/sft-nightlies.cern.ch/lcg/contrib/gcc/7binutils/x86_64-slc6/bin/g++    -std=c++11 -o CMakeFiles/cmTC_a0cab.dir/feature_tests.cxx.o -c /data/atlas/atlasdata/micheli/validation/histos/histo_all/fmt-5.1.0/build/CMakeFiles/feature_tests.cxx
Linking CXX executable cmTC_a0cab
/cvmfs/sft.cern.ch/lcg/releases/CMake/3.11.1-daf3a/x86_64-slc6-gcc7-opt/bin/cmake -E cmake_link_script CMakeFiles/cmTC_a0cab.dir/link.txt --verbose=1
/cvmfs/sft-nightlies.cern.ch/lcg/contrib/gcc/7binutils/x86_64-slc6/bin/g++       -rdynamic CMakeFiles/cmTC_a0cab.dir/feature_tests.cxx.o  -o cmTC_a0cab 
gmake[1]: Leaving directory `/data/atlas/atlasdata/micheli/validation/histos/histo_all/fmt-5.1.0/build/CMakeFiles/CMakeTmp'


    Feature record: CXX_FEATURE:0cxx_aggregate_default_initializers
    Feature record: CXX_FEATURE:1cxx_alias_templates
    Feature record: CXX_FEATURE:1cxx_alignas
    Feature record: CXX_FEATURE:1cxx_alignof
    Feature record: CXX_FEATURE:1cxx_attributes
    Feature record: CXX_FEATURE:0cxx_attribute_deprecated
    Feature record: CXX_FEATURE:1cxx_auto_type
    Feature record: CXX_FEATURE:0cxx_binary_literals
    Feature record: CXX_FEATURE:1cxx_constexpr
    Feature record: CXX_FEATURE:0cxx_contextual_conversions
    Feature record: CXX_FEATURE:1cxx_decltype
    Feature record: CXX_FEATURE:0cxx_decltype_auto
    Feature record: CXX_FEATURE:1cxx_decltype_incomplete_return_types
    Feature record: CXX_FEATURE:1cxx_default_function_template_args
    Feature record: CXX_FEATURE:1cxx_defaulted_functions
    Feature record: CXX_FEATURE:1cxx_defaulted_move_initializers
    Feature record: CXX_FEATURE:1cxx_delegating_constructors
    Feature record: CXX_FEATURE:1cxx_deleted_functions
    Feature record: CXX_FEATURE:0cxx_digit_separators
    Feature record: CXX_FEATURE:1cxx_enum_forward_declarations
    Feature record: CXX_FEATURE:1cxx_explicit_conversions
    Feature record: CXX_FEATURE:1cxx_extended_friend_declarations
    Feature record: CXX_FEATURE:1cxx_extern_templates
    Feature record: CXX_FEATURE:1cxx_final
    Feature record: CXX_FEATURE:1cxx_func_identifier
    Feature record: CXX_FEATURE:1cxx_generalized_initializers
    Feature record: CXX_FEATURE:0cxx_generic_lambdas
    Feature record: CXX_FEATURE:1cxx_inheriting_constructors
    Feature record: CXX_FEATURE:1cxx_inline_namespaces
    Feature record: CXX_FEATURE:1cxx_lambdas
    Feature record: CXX_FEATURE:0cxx_lambda_init_captures
    Feature record: CXX_FEATURE:1cxx_local_type_template_args
    Feature record: CXX_FEATURE:1cxx_long_long_type
    Feature record: CXX_FEATURE:1cxx_noexcept
    Feature record: CXX_FEATURE:1cxx_nonstatic_member_init
    Feature record: CXX_FEATURE:1cxx_nullptr
    Feature record: CXX_FEATURE:1cxx_override
    Feature record: CXX_FEATURE:1cxx_range_for
    Feature record: CXX_FEATURE:1cxx_raw_string_literals
    Feature record: CXX_FEATURE:1cxx_reference_qualified_functions
    Feature record: CXX_FEATURE:0cxx_relaxed_constexpr
    Feature record: CXX_FEATURE:0cxx_return_type_deduction
    Feature record: CXX_FEATURE:1cxx_right_angle_brackets
    Feature record: CXX_FEATURE:1cxx_rvalue_references
    Feature record: CXX_FEATURE:1cxx_sizeof_member
    Feature record: CXX_FEATURE:1cxx_static_assert
    Feature record: CXX_FEATURE:1cxx_strong_enums
    Feature record: CXX_FEATURE:1cxx_template_template_parameters
    Feature record: CXX_FEATURE:1cxx_thread_local
    Feature record: CXX_FEATURE:1cxx_trailing_return_types
    Feature record: CXX_FEATURE:1cxx_unicode_literals
    Feature record: CXX_FEATURE:1cxx_uniform_initialization
    Feature record: CXX_FEATURE:1cxx_unrestricted_unions
    Feature record: CXX_FEATURE:1cxx_user_literals
    Feature record: CXX_FEATURE:0cxx_variable_templates
    Feature record: CXX_FEATURE:1cxx_variadic_macros
    Feature record: CXX_FEATURE:1cxx_variadic_templates


Detecting CXX [-std=c++98] compiler features compiled with the following output:
Change Dir: /data/atlas/atlasdata/micheli/validation/histos/histo_all/fmt-5.1.0/build/CMakeFiles/CMakeTmp

Run Build Command:"/usr/bin/gmake" "cmTC_eb76b/fast"
/usr/bin/gmake -f CMakeFiles/cmTC_eb76b.dir/build.make CMakeFiles/cmTC_eb76b.dir/build
gmake[1]: Entering directory `/data/atlas/atlasdata/micheli/validation/histos/histo_all/fmt-5.1.0/build/CMakeFiles/CMakeTmp'
Building CXX object CMakeFiles/cmTC_eb76b.dir/feature_tests.cxx.o
/cvmfs/sft-nightlies.cern.ch/lcg/contrib/gcc/7binutils/x86_64-slc6/bin/g++    -std=c++98 -o CMakeFiles/cmTC_eb76b.dir/feature_tests.cxx.o -c /data/atlas/atlasdata/micheli/validation/histos/histo_all/fmt-5.1.0/build/CMakeFiles/feature_tests.cxx
Linking CXX executable cmTC_eb76b
/cvmfs/sft.cern.ch/lcg/releases/CMake/3.11.1-daf3a/x86_64-slc6-gcc7-opt/bin/cmake -E cmake_link_script CMakeFiles/cmTC_eb76b.dir/link.txt --verbose=1
/cvmfs/sft-nightlies.cern.ch/lcg/contrib/gcc/7binutils/x86_64-slc6/bin/g++       -rdynamic CMakeFiles/cmTC_eb76b.dir/feature_tests.cxx.o  -o cmTC_eb76b 
gmake[1]: Leaving directory `/data/atlas/atlasdata/micheli/validation/histos/histo_all/fmt-5.1.0/build/CMakeFiles/CMakeTmp'


    Feature record: CXX_FEATURE:0cxx_aggregate_default_initializers
    Feature record: CXX_FEATURE:0cxx_alias_templates
    Feature record: CXX_FEATURE:0cxx_alignas
    Feature record: CXX_FEATURE:0cxx_alignof
    Feature record: CXX_FEATURE:0cxx_attributes
    Feature record: CXX_FEATURE:0cxx_attribute_deprecated
    Feature record: CXX_FEATURE:0cxx_auto_type
    Feature record: CXX_FEATURE:0cxx_binary_literals
    Feature record: CXX_FEATURE:0cxx_constexpr
    Feature record: CXX_FEATURE:0cxx_contextual_conversions
    Feature record: CXX_FEATURE:0cxx_decltype
    Feature record: CXX_FEATURE:0cxx_decltype_auto
    Feature record: CXX_FEATURE:0cxx_decltype_incomplete_return_types
    Feature record: CXX_FEATURE:0cxx_default_function_template_args
    Feature record: CXX_FEATURE:0cxx_defaulted_functions
    Feature record: CXX_FEATURE:0cxx_defaulted_move_initializers
    Feature record: CXX_FEATURE:0cxx_delegating_constructors
    Feature record: CXX_FEATURE:0cxx_deleted_functions
    Feature record: CXX_FEATURE:0cxx_digit_separators
    Feature record: CXX_FEATURE:0cxx_enum_forward_declarations
    Feature record: CXX_FEATURE:0cxx_explicit_conversions
    Feature record: CXX_FEATURE:0cxx_extended_friend_declarations
    Feature record: CXX_FEATURE:0cxx_extern_templates
    Feature record: CXX_FEATURE:0cxx_final
    Feature record: CXX_FEATURE:0cxx_func_identifier
    Feature record: CXX_FEATURE:0cxx_generalized_initializers
    Feature record: CXX_FEATURE:0cxx_generic_lambdas
    Feature record: CXX_FEATURE:0cxx_inheriting_constructors
    Feature record: CXX_FEATURE:0cxx_inline_namespaces
    Feature record: CXX_FEATURE:0cxx_lambdas
    Feature record: CXX_FEATURE:0cxx_lambda_init_captures
    Feature record: CXX_FEATURE:0cxx_local_type_template_args
    Feature record: CXX_FEATURE:0cxx_long_long_type
    Feature record: CXX_FEATURE:0cxx_noexcept
    Feature record: CXX_FEATURE:0cxx_nonstatic_member_init
    Feature record: CXX_FEATURE:0cxx_nullptr
    Feature record: CXX_FEATURE:0cxx_override
    Feature record: CXX_FEATURE:0cxx_range_for
    Feature record: CXX_FEATURE:0cxx_raw_string_literals
    Feature record: CXX_FEATURE:0cxx_reference_qualified_functions
    Feature record: CXX_FEATURE:0cxx_relaxed_constexpr
    Feature record: CXX_FEATURE:0cxx_return_type_deduction
    Feature record: CXX_FEATURE:0cxx_right_angle_brackets
    Feature record: CXX_FEATURE:0cxx_rvalue_references
    Feature record: CXX_FEATURE:0cxx_sizeof_member
    Feature record: CXX_FEATURE:0cxx_static_assert
    Feature record: CXX_FEATURE:0cxx_strong_enums
    Feature record: CXX_FEATURE:1cxx_template_template_parameters
    Feature record: CXX_FEATURE:0cxx_thread_local
    Feature record: CXX_FEATURE:0cxx_trailing_return_types
    Feature record: CXX_FEATURE:0cxx_unicode_literals
    Feature record: CXX_FEATURE:0cxx_uniform_initialization
    Feature record: CXX_FEATURE:0cxx_unrestricted_unions
    Feature record: CXX_FEATURE:0cxx_user_literals
    Feature record: CXX_FEATURE:0cxx_variable_templates
    Feature record: CXX_FEATURE:0cxx_variadic_macros
    Feature record: CXX_FEATURE:0cxx_variadic_templates
Performing C++ SOURCE FILE Test has_std_11_flag succeeded with the following output:
Change Dir: /data/atlas/atlasdata/micheli/validation/histos/histo_all/fmt-5.1.0/build/CMakeFiles/CMakeTmp

Run Build Command:"/usr/bin/gmake" "cmTC_cc770/fast"
/usr/bin/gmake -f CMakeFiles/cmTC_cc770.dir/build.make CMakeFiles/cmTC_cc770.dir/build
gmake[1]: Entering directory `/data/atlas/atlasdata/micheli/validation/histos/histo_all/fmt-5.1.0/build/CMakeFiles/CMakeTmp'
Building CXX object CMakeFiles/cmTC_cc770.dir/src.cxx.o
/cvmfs/sft-nightlies.cern.ch/lcg/contrib/gcc/7binutils/x86_64-slc6/bin/g++    -Dhas_std_11_flag   -std=c++11 -o CMakeFiles/cmTC_cc770.dir/src.cxx.o -c /data/atlas/atlasdata/micheli/validation/histos/histo_all/fmt-5.1.0/build/CMakeFiles/CMakeTmp/src.cxx
Linking CXX executable cmTC_cc770
/cvmfs/sft.cern.ch/lcg/releases/CMake/3.11.1-daf3a/x86_64-slc6-gcc7-opt/bin/cmake -E cmake_link_script CMakeFiles/cmTC_cc770.dir/link.txt --verbose=1
/cvmfs/sft-nightlies.cern.ch/lcg/contrib/gcc/7binutils/x86_64-slc6/bin/g++   -Dhas_std_11_flag    -rdynamic CMakeFiles/cmTC_cc770.dir/src.cxx.o  -o cmTC_cc770 
gmake[1]: Leaving directory `/data/atlas/atlasdata/micheli/validation/histos/histo_all/fmt-5.1.0/build/CMakeFiles/CMakeTmp'

Source file was:
int main() { return 0; }
Performing C++ SOURCE FILE Test has_std_0x_flag succeeded with the following output:
Change Dir: /data/atlas/atlasdata/micheli/validation/histos/histo_all/fmt-5.1.0/build/CMakeFiles/CMakeTmp

Run Build Command:"/usr/bin/gmake" "cmTC_8569d/fast"
/usr/bin/gmake -f CMakeFiles/cmTC_8569d.dir/build.make CMakeFiles/cmTC_8569d.dir/build
gmake[1]: Entering directory `/data/atlas/atlasdata/micheli/validation/histos/histo_all/fmt-5.1.0/build/CMakeFiles/CMakeTmp'
Building CXX object CMakeFiles/cmTC_8569d.dir/src.cxx.o
/cvmfs/sft-nightlies.cern.ch/lcg/contrib/gcc/7binutils/x86_64-slc6/bin/g++    -Dhas_std_0x_flag   -std=c++0x -o CMakeFiles/cmTC_8569d.dir/src.cxx.o -c /data/atlas/atlasdata/micheli/validation/histos/histo_all/fmt-5.1.0/build/CMakeFiles/CMakeTmp/src.cxx
Linking CXX executable cmTC_8569d
/cvmfs/sft.cern.ch/lcg/releases/CMake/3.11.1-daf3a/x86_64-slc6-gcc7-opt/bin/cmake -E cmake_link_script CMakeFiles/cmTC_8569d.dir/link.txt --verbose=1
/cvmfs/sft-nightlies.cern.ch/lcg/contrib/gcc/7binutils/x86_64-slc6/bin/g++   -Dhas_std_0x_flag    -rdynamic CMakeFiles/cmTC_8569d.dir/src.cxx.o  -o cmTC_8569d 
gmake[1]: Leaving directory `/data/atlas/atlasdata/micheli/validation/histos/histo_all/fmt-5.1.0/build/CMakeFiles/CMakeTmp'

Source file was:
int main() { return 0; }
Performing C++ SOURCE FILE Test SUPPORTS_VARIADIC_TEMPLATES succeeded with the following output:
Change Dir: /data/atlas/atlasdata/micheli/validation/histos/histo_all/fmt-5.1.0/build/CMakeFiles/CMakeTmp

Run Build Command:"/usr/bin/gmake" "cmTC_3261b/fast"
/usr/bin/gmake -f CMakeFiles/cmTC_3261b.dir/build.make CMakeFiles/cmTC_3261b.dir/build
gmake[1]: Entering directory `/data/atlas/atlasdata/micheli/validation/histos/histo_all/fmt-5.1.0/build/CMakeFiles/CMakeTmp'
Building CXX object CMakeFiles/cmTC_3261b.dir/src.cxx.o
/cvmfs/sft-nightlies.cern.ch/lcg/contrib/gcc/7binutils/x86_64-slc6/bin/g++    -DSUPPORTS_VARIADIC_TEMPLATES -std=c++11   -o CMakeFiles/cmTC_3261b.dir/src.cxx.o -c /data/atlas/atlasdata/micheli/validation/histos/histo_all/fmt-5.1.0/build/CMakeFiles/CMakeTmp/src.cxx
Linking CXX executable cmTC_3261b
/cvmfs/sft.cern.ch/lcg/releases/CMake/3.11.1-daf3a/x86_64-slc6-gcc7-opt/bin/cmake -E cmake_link_script CMakeFiles/cmTC_3261b.dir/link.txt --verbose=1
/cvmfs/sft-nightlies.cern.ch/lcg/contrib/gcc/7binutils/x86_64-slc6/bin/g++   -DSUPPORTS_VARIADIC_TEMPLATES -std=c++11    -rdynamic CMakeFiles/cmTC_3261b.dir/src.cxx.o  -o cmTC_3261b 
gmake[1]: Leaving directory `/data/atlas/atlasdata/micheli/validation/histos/histo_all/fmt-5.1.0/build/CMakeFiles/CMakeTmp'

Source file was:

  template <class T, class ...Types>
  struct S { typedef typename S<Types...>::type type; };
  int main() {}
Performing C++ SOURCE FILE Test SUPPORTS_INITIALIZER_LIST succeeded with the following output:
Change Dir: /data/atlas/atlasdata/micheli/validation/histos/histo_all/fmt-5.1.0/build/CMakeFiles/CMakeTmp

Run Build Command:"/usr/bin/gmake" "cmTC_2fd0d/fast"
/usr/bin/gmake -f CMakeFiles/cmTC_2fd0d.dir/build.make CMakeFiles/cmTC_2fd0d.dir/build
gmake[1]: Entering directory `/data/atlas/atlasdata/micheli/validation/histos/histo_all/fmt-5.1.0/build/CMakeFiles/CMakeTmp'
Building CXX object CMakeFiles/cmTC_2fd0d.dir/src.cxx.o
/cvmfs/sft-nightlies.cern.ch/lcg/contrib/gcc/7binutils/x86_64-slc6/bin/g++    -DSUPPORTS_INITIALIZER_LIST -std=c++11   -o CMakeFiles/cmTC_2fd0d.dir/src.cxx.o -c /data/atlas/atlasdata/micheli/validation/histos/histo_all/fmt-5.1.0/build/CMakeFiles/CMakeTmp/src.cxx
Linking CXX executable cmTC_2fd0d
/cvmfs/sft.cern.ch/lcg/releases/CMake/3.11.1-daf3a/x86_64-slc6-gcc7-opt/bin/cmake -E cmake_link_script CMakeFiles/cmTC_2fd0d.dir/link.txt --verbose=1
/cvmfs/sft-nightlies.cern.ch/lcg/contrib/gcc/7binutils/x86_64-slc6/bin/g++   -DSUPPORTS_INITIALIZER_LIST -std=c++11    -rdynamic CMakeFiles/cmTC_2fd0d.dir/src.cxx.o  -o cmTC_2fd0d 
gmake[1]: Leaving directory `/data/atlas/atlasdata/micheli/validation/histos/histo_all/fmt-5.1.0/build/CMakeFiles/CMakeTmp'

Source file was:

  #include <initializer_list>
  int main() {}
Performing C++ SOURCE FILE Test SUPPORTS_ENUM_BASE succeeded with the following output:
Change Dir: /data/atlas/atlasdata/micheli/validation/histos/histo_all/fmt-5.1.0/build/CMakeFiles/CMakeTmp

Run Build Command:"/usr/bin/gmake" "cmTC_8c70d/fast"
/usr/bin/gmake -f CMakeFiles/cmTC_8c70d.dir/build.make CMakeFiles/cmTC_8c70d.dir/build
gmake[1]: Entering directory `/data/atlas/atlasdata/micheli/validation/histos/histo_all/fmt-5.1.0/build/CMakeFiles/CMakeTmp'
Building CXX object CMakeFiles/cmTC_8c70d.dir/src.cxx.o
/cvmfs/sft-nightlies.cern.ch/lcg/contrib/gcc/7binutils/x86_64-slc6/bin/g++    -DSUPPORTS_ENUM_BASE -std=c++11   -o CMakeFiles/cmTC_8c70d.dir/src.cxx.o -c /data/atlas/atlasdata/micheli/validation/histos/histo_all/fmt-5.1.0/build/CMakeFiles/CMakeTmp/src.cxx
Linking CXX executable cmTC_8c70d
/cvmfs/sft.cern.ch/lcg/releases/CMake/3.11.1-daf3a/x86_64-slc6-gcc7-opt/bin/cmake -E cmake_link_script CMakeFiles/cmTC_8c70d.dir/link.txt --verbose=1
/cvmfs/sft-nightlies.cern.ch/lcg/contrib/gcc/7binutils/x86_64-slc6/bin/g++   -DSUPPORTS_ENUM_BASE -std=c++11    -rdynamic CMakeFiles/cmTC_8c70d.dir/src.cxx.o  -o cmTC_8c70d 
gmake[1]: Leaving directory `/data/atlas/atlasdata/micheli/validation/histos/histo_all/fmt-5.1.0/build/CMakeFiles/CMakeTmp'

Source file was:

  enum C : char {A};
  int main() {}
Performing C++ SOURCE FILE Test SUPPORTS_TYPE_TRAITS succeeded with the following output:
Change Dir: /data/atlas/atlasdata/micheli/validation/histos/histo_all/fmt-5.1.0/build/CMakeFiles/CMakeTmp

Run Build Command:"/usr/bin/gmake" "cmTC_4731e/fast"
/usr/bin/gmake -f CMakeFiles/cmTC_4731e.dir/build.make CMakeFiles/cmTC_4731e.dir/build
gmake[1]: Entering directory `/data/atlas/atlasdata/micheli/validation/histos/histo_all/fmt-5.1.0/build/CMakeFiles/CMakeTmp'
Building CXX object CMakeFiles/cmTC_4731e.dir/src.cxx.o
/cvmfs/sft-nightlies.cern.ch/lcg/contrib/gcc/7binutils/x86_64-slc6/bin/g++    -DSUPPORTS_TYPE_TRAITS -std=c++11   -o CMakeFiles/cmTC_4731e.dir/src.cxx.o -c /data/atlas/atlasdata/micheli/validation/histos/histo_all/fmt-5.1.0/build/CMakeFiles/CMakeTmp/src.cxx
Linking CXX executable cmTC_4731e
/cvmfs/sft.cern.ch/lcg/releases/CMake/3.11.1-daf3a/x86_64-slc6-gcc7-opt/bin/cmake -E cmake_link_script CMakeFiles/cmTC_4731e.dir/link.txt --verbose=1
/cvmfs/sft-nightlies.cern.ch/lcg/contrib/gcc/7binutils/x86_64-slc6/bin/g++   -DSUPPORTS_TYPE_TRAITS -std=c++11    -rdynamic CMakeFiles/cmTC_4731e.dir/src.cxx.o  -o cmTC_4731e 
gmake[1]: Leaving directory `/data/atlas/atlasdata/micheli/validation/histos/histo_all/fmt-5.1.0/build/CMakeFiles/CMakeTmp'

Source file was:

  #include <type_traits>
  class C { void operator=(const C&); };
  int main() { static_assert(!std::is_copy_assignable<C>::value, ""); }
Performing C++ SOURCE FILE Test SUPPORTS_USER_DEFINED_LITERALS succeeded with the following output:
Change Dir: /data/atlas/atlasdata/micheli/validation/histos/histo_all/fmt-5.1.0/build/CMakeFiles/CMakeTmp

Run Build Command:"/usr/bin/gmake" "cmTC_2c027/fast"
/usr/bin/gmake -f CMakeFiles/cmTC_2c027.dir/build.make CMakeFiles/cmTC_2c027.dir/build
gmake[1]: Entering directory `/data/atlas/atlasdata/micheli/validation/histos/histo_all/fmt-5.1.0/build/CMakeFiles/CMakeTmp'
Building CXX object CMakeFiles/cmTC_2c027.dir/src.cxx.o
/cvmfs/sft-nightlies.cern.ch/lcg/contrib/gcc/7binutils/x86_64-slc6/bin/g++    -DSUPPORTS_USER_DEFINED_LITERALS -std=c++11   -o CMakeFiles/cmTC_2c027.dir/src.cxx.o -c /data/atlas/atlasdata/micheli/validation/histos/histo_all/fmt-5.1.0/build/CMakeFiles/CMakeTmp/src.cxx
Linking CXX executable cmTC_2c027
/cvmfs/sft.cern.ch/lcg/releases/CMake/3.11.1-daf3a/x86_64-slc6-gcc7-opt/bin/cmake -E cmake_link_script CMakeFiles/cmTC_2c027.dir/link.txt --verbose=1
/cvmfs/sft-nightlies.cern.ch/lcg/contrib/gcc/7binutils/x86_64-slc6/bin/g++   -DSUPPORTS_USER_DEFINED_LITERALS -std=c++11    -rdynamic CMakeFiles/cmTC_2c027.dir/src.cxx.o  -o cmTC_2c027 
gmake[1]: Leaving directory `/data/atlas/atlasdata/micheli/validation/histos/histo_all/fmt-5.1.0/build/CMakeFiles/CMakeTmp'

Source file was:

  void operator"" _udl(long double);
  int main() {}
Determining if the open exist passed with the following output:
Change Dir: /data/atlas/atlasdata/micheli/validation/histos/histo_all/fmt-5.1.0/build/CMakeFiles/CMakeTmp

Run Build Command:"/usr/bin/gmake" "cmTC_01d06/fast"
/usr/bin/gmake -f CMakeFiles/cmTC_01d06.dir/build.make CMakeFiles/cmTC_01d06.dir/build
gmake[1]: Entering directory `/data/atlas/atlasdata/micheli/validation/histos/histo_all/fmt-5.1.0/build/CMakeFiles/CMakeTmp'
Building C object CMakeFiles/cmTC_01d06.dir/CheckSymbolExists.c.o
/cvmfs/sft-nightlies.cern.ch/lcg/contrib/gcc/7binutils/x86_64-slc6/bin/gcc    -o CMakeFiles/cmTC_01d06.dir/CheckSymbolExists.c.o   -c /data/atlas/atlasdata/micheli/validation/histos/histo_all/fmt-5.1.0/build/CMakeFiles/CMakeTmp/CheckSymbolExists.c
Linking C executable cmTC_01d06
/cvmfs/sft.cern.ch/lcg/releases/CMake/3.11.1-daf3a/x86_64-slc6-gcc7-opt/bin/cmake -E cmake_link_script CMakeFiles/cmTC_01d06.dir/link.txt --verbose=1
/cvmfs/sft-nightlies.cern.ch/lcg/contrib/gcc/7binutils/x86_64-slc6/bin/gcc      -rdynamic CMakeFiles/cmTC_01d06.dir/CheckSymbolExists.c.o  -o cmTC_01d06 
gmake[1]: Leaving directory `/data/atlas/atlasdata/micheli/validation/histos/histo_all/fmt-5.1.0/build/CMakeFiles/CMakeTmp'

File /data/atlas/atlasdata/micheli/validation/histos/histo_all/fmt-5.1.0/build/CMakeFiles/CMakeTmp/CheckSymbolExists.c:
/* */
#include <fcntl.h>

int main(int argc, char** argv)
{
  (void)argv;
#ifndef open
  return ((int*)(&open))[argc];
#else
  (void)argc;
  return 0;
#endif
}

Determining if the include file pthread.h exists passed with the following output:
Change Dir: /data/atlas/atlasdata/micheli/validation/histos/histo_all/fmt-5.1.0/build/CMakeFiles/CMakeTmp

Run Build Command:"/usr/bin/gmake" "cmTC_fe2e4/fast"
/usr/bin/gmake -f CMakeFiles/cmTC_fe2e4.dir/build.make CMakeFiles/cmTC_fe2e4.dir/build
gmake[1]: Entering directory `/data/atlas/atlasdata/micheli/validation/histos/histo_all/fmt-5.1.0/build/CMakeFiles/CMakeTmp'
Building C object CMakeFiles/cmTC_fe2e4.dir/CheckIncludeFile.c.o
/cvmfs/sft-nightlies.cern.ch/lcg/contrib/gcc/7binutils/x86_64-slc6/bin/gcc    -o CMakeFiles/cmTC_fe2e4.dir/CheckIncludeFile.c.o   -c /data/atlas/atlasdata/micheli/validation/histos/histo_all/fmt-5.1.0/build/CMakeFiles/CMakeTmp/CheckIncludeFile.c
Linking C executable cmTC_fe2e4
/cvmfs/sft.cern.ch/lcg/releases/CMake/3.11.1-daf3a/x86_64-slc6-gcc7-opt/bin/cmake -E cmake_link_script CMakeFiles/cmTC_fe2e4.dir/link.txt --verbose=1
/cvmfs/sft-nightlies.cern.ch/lcg/contrib/gcc/7binutils/x86_64-slc6/bin/gcc      -rdynamic CMakeFiles/cmTC_fe2e4.dir/CheckIncludeFile.c.o  -o cmTC_fe2e4 
gmake[1]: Leaving directory `/data/atlas/atlasdata/micheli/validation/histos/histo_all/fmt-5.1.0/build/CMakeFiles/CMakeTmp'


Determining if the function pthread_create exists in the pthread passed with the following output:
Change Dir: /data/atlas/atlasdata/micheli/validation/histos/histo_all/fmt-5.1.0/build/CMakeFiles/CMakeTmp

Run Build Command:"/usr/bin/gmake" "cmTC_57446/fast"
/usr/bin/gmake -f CMakeFiles/cmTC_57446.dir/build.make CMakeFiles/cmTC_57446.dir/build
gmake[1]: Entering directory `/data/atlas/atlasdata/micheli/validation/histos/histo_all/fmt-5.1.0/build/CMakeFiles/CMakeTmp'
Building C object CMakeFiles/cmTC_57446.dir/CheckFunctionExists.c.o
/cvmfs/sft-nightlies.cern.ch/lcg/contrib/gcc/7binutils/x86_64-slc6/bin/gcc   -DCHECK_FUNCTION_EXISTS=pthread_create   -o CMakeFiles/cmTC_57446.dir/CheckFunctionExists.c.o   -c /cvmfs/sft.cern.ch/lcg/releases/CMake/3.11.1-daf3a/x86_64-slc6-gcc7-opt/share/cmake-3.11/Modules/CheckFunctionExists.c
Linking C executable cmTC_57446
/cvmfs/sft.cern.ch/lcg/releases/CMake/3.11.1-daf3a/x86_64-slc6-gcc7-opt/bin/cmake -E cmake_link_script CMakeFiles/cmTC_57446.dir/link.txt --verbose=1
/cvmfs/sft-nightlies.cern.ch/lcg/contrib/gcc/7binutils/x86_64-slc6/bin/gcc  -DCHECK_FUNCTION_EXISTS=pthread_create    -rdynamic CMakeFiles/cmTC_57446.dir/CheckFunctionExists.c.o  -o cmTC_57446 -lpthread 
gmake[1]: Leaving directory `/data/atlas/atlasdata/micheli/validation/histos/histo_all/fmt-5.1.0/build/CMakeFiles/CMakeTmp'


Performing C++ SOURCE FILE Test HAVE_FNO_DELETE_NULL_POINTER_CHECKS succeeded with the following output:
Change Dir: /data/atlas/atlasdata/micheli/validation/histos/histo_all/fmt-5.1.0/build/CMakeFiles/CMakeTmp

Run Build Command:"/usr/bin/gmake" "cmTC_7626b/fast"
/usr/bin/gmake -f CMakeFiles/cmTC_7626b.dir/build.make CMakeFiles/cmTC_7626b.dir/build
gmake[1]: Entering directory `/data/atlas/atlasdata/micheli/validation/histos/histo_all/fmt-5.1.0/build/CMakeFiles/CMakeTmp'
Building CXX object CMakeFiles/cmTC_7626b.dir/src.cxx.o
/cvmfs/sft-nightlies.cern.ch/lcg/contrib/gcc/7binutils/x86_64-slc6/bin/g++    -DHAVE_FNO_DELETE_NULL_POINTER_CHECKS   -fno-delete-null-pointer-checks -o CMakeFiles/cmTC_7626b.dir/src.cxx.o -c /data/atlas/atlasdata/micheli/validation/histos/histo_all/fmt-5.1.0/build/CMakeFiles/CMakeTmp/src.cxx
Linking CXX executable cmTC_7626b
/cvmfs/sft.cern.ch/lcg/releases/CMake/3.11.1-daf3a/x86_64-slc6-gcc7-opt/bin/cmake -E cmake_link_script CMakeFiles/cmTC_7626b.dir/link.txt --verbose=1
/cvmfs/sft-nightlies.cern.ch/lcg/contrib/gcc/7binutils/x86_64-slc6/bin/g++   -DHAVE_FNO_DELETE_NULL_POINTER_CHECKS    -rdynamic CMakeFiles/cmTC_7626b.dir/src.cxx.o  -o cmTC_7626b 
gmake[1]: Leaving directory `/data/atlas/atlasdata/micheli/validation/histos/histo_all/fmt-5.1.0/build/CMakeFiles/CMakeTmp'

Source file was:
int main() { return 0; }
Performing C++ SOURCE FILE Test HAVE_FNO_EXCEPTIONS_FLAG succeeded with the following output:
Change Dir: /data/atlas/atlasdata/micheli/validation/histos/histo_all/fmt-5.1.0/build/CMakeFiles/CMakeTmp

Run Build Command:"/usr/bin/gmake" "cmTC_9b860/fast"
/usr/bin/gmake -f CMakeFiles/cmTC_9b860.dir/build.make CMakeFiles/cmTC_9b860.dir/build
gmake[1]: Entering directory `/data/atlas/atlasdata/micheli/validation/histos/histo_all/fmt-5.1.0/build/CMakeFiles/CMakeTmp'
Building CXX object CMakeFiles/cmTC_9b860.dir/src.cxx.o
/cvmfs/sft-nightlies.cern.ch/lcg/contrib/gcc/7binutils/x86_64-slc6/bin/g++    -DHAVE_FNO_EXCEPTIONS_FLAG   -fno-exceptions -o CMakeFiles/cmTC_9b860.dir/src.cxx.o -c /data/atlas/atlasdata/micheli/validation/histos/histo_all/fmt-5.1.0/build/CMakeFiles/CMakeTmp/src.cxx
Linking CXX executable cmTC_9b860
/cvmfs/sft.cern.ch/lcg/releases/CMake/3.11.1-daf3a/x86_64-slc6-gcc7-opt/bin/cmake -E cmake_link_script CMakeFiles/cmTC_9b860.dir/link.txt --verbose=1
/cvmfs/sft-nightlies.cern.ch/lcg/contrib/gcc/7binutils/x86_64-slc6/bin/g++   -DHAVE_FNO_EXCEPTIONS_FLAG    -rdynamic CMakeFiles/cmTC_9b860.dir/src.cxx.o  -o cmTC_9b860 
gmake[1]: Leaving directory `/data/atlas/atlasdata/micheli/validation/histos/histo_all/fmt-5.1.0/build/CMakeFiles/CMakeTmp'

Source file was:
int main() { return 0; }
